<?xml version="1.0" encoding="UTF-8"?>
<testng-results skipped="0" failed="0" ignored="0" total="1" passed="1">
  <reporter-output>
  </reporter-output>
  <suite name="Default suite" duration-ms="20963" started-at="2022-03-29T10:01:36Z" finished-at="2022-03-29T10:01:57Z">
    <groups>
    </groups>
    <test name="Default test" duration-ms="20963" started-at="2022-03-29T10:01:36Z" finished-at="2022-03-29T10:01:57Z">
      <class name="com.qa.tests.LoginTests">
        <test-method status="PASS" signature="setup()[pri:0, instance:com.qa.tests.LoginTests@57e1b0c]" name="setup" is-config="true" duration-ms="11330" started-at="2022-03-29T10:01:24Z" finished-at="2022-03-29T10:01:36Z">
          <reporter-output>
          </reporter-output>
        </test-method> <!-- setup -->
        <test-method status="PASS" signature="beforeClass()[pri:0, instance:com.qa.tests.LoginTests@57e1b0c]" name="beforeClass" is-config="true" duration-ms="2725" started-at="2022-03-29T10:01:36Z" finished-at="2022-03-29T10:01:39Z">
          <reporter-output>
          </reporter-output>
        </test-method> <!-- beforeClass -->
        <test-method status="PASS" signature="beforeMethod(java.lang.reflect.Method)[pri:0, instance:com.qa.tests.LoginTests@57e1b0c]" name="beforeMethod" is-config="true" duration-ms="292" started-at="2022-03-29T10:01:39Z" finished-at="2022-03-29T10:01:39Z">
          <params>
            <param index="0">
              <value>
                <![CDATA[public void com.qa.tests.LoginTests.validUser()]]>
              </value>
            </param>
          </params>
          <reporter-output>
          </reporter-output>
        </test-method> <!-- beforeMethod -->
        <test-method status="PASS" signature="validUser()[pri:0, instance:com.qa.tests.LoginTests@57e1b0c]" name="validUser" duration-ms="17911" started-at="2022-03-29T10:01:39Z" finished-at="2022-03-29T10:01:57Z">
          <reporter-output>
          </reporter-output>
        </test-method> <!-- validUser -->
        <test-method status="PASS" signature="afterClass()[pri:0, instance:com.qa.tests.LoginTests@57e1b0c]" name="afterClass" is-config="true" duration-ms="1" started-at="2022-03-29T10:01:57Z" finished-at="2022-03-29T10:01:57Z">
          <reporter-output>
          </reporter-output>
        </test-method> <!-- afterClass -->
        <test-method status="PASS" signature="tearDown()[pri:0, instance:com.qa.tests.LoginTests@57e1b0c]" name="tearDown" is-config="true" duration-ms="1" started-at="2022-03-29T10:01:57Z" finished-at="2022-03-29T10:01:57Z">
          <reporter-output>
          </reporter-output>
        </test-method> <!-- tearDown -->
      </class> <!-- com.qa.tests.LoginTests -->
    </test> <!-- Default test -->
  </suite> <!-- Default suite -->
</testng-results>
